{"C:\\Users\\hila4\\OneDrive\\שולחן העבודה\\לימודי תואר ראשון - מדמ''ח\\תרגולים - מדמ''ח\\שנה ג\\סמסטר א\\Applications_advanced\\Task_1\\Tasks_Edvanced-WAP\\server.js": {"path":"C:\\Users\\hila4\\OneDrive\\שולחן העבודה\\לימודי תואר ראשון - מדמ''ח\\תרגולים - מדמ''ח\\שנה ג\\סמסטר א\\Applications_advanced\\Task_1\\Tasks_Edvanced-WAP\\server.js","statementMap":{"0":{"start":{"line":1,"column":16},"end":{"line":1,"column":34}},"1":{"start":{"line":2,"column":12},"end":{"line":2,"column":21}},"2":{"start":{"line":3,"column":15},"end":{"line":3,"column":41}},"3":{"start":{"line":5,"column":17},"end":{"line":5,"column":36}},"4":{"start":{"line":6,"column":0},"end":{"line":6,"column":44}},"5":{"start":{"line":7,"column":11},"end":{"line":7,"column":30}},"6":{"start":{"line":8,"column":0},"end":{"line":8,"column":47}},"7":{"start":{"line":8,"column":25},"end":{"line":8,"column":45}},"8":{"start":{"line":9,"column":0},"end":{"line":9,"column":59}},"9":{"start":{"line":9,"column":21},"end":{"line":9,"column":57}},"10":{"start":{"line":11,"column":19},"end":{"line":11,"column":41}},"11":{"start":{"line":12,"column":0},"end":{"line":12,"column":27}},"12":{"start":{"line":13,"column":0},"end":{"line":13,"column":51}},"13":{"start":{"line":15,"column":19},"end":{"line":15,"column":51}},"14":{"start":{"line":16,"column":0},"end":{"line":16,"column":30}},"15":{"start":{"line":18,"column":22},"end":{"line":18,"column":57}},"16":{"start":{"line":19,"column":0},"end":{"line":19,"column":36}},"17":{"start":{"line":21,"column":0},"end":{"line":21,"column":21}}},"fnMap":{"0":{"name":"(anonymous_0)","decl":{"start":{"line":8,"column":15},"end":{"line":8,"column":16}},"loc":{"start":{"line":8,"column":25},"end":{"line":8,"column":45}},"line":8},"1":{"name":"(anonymous_1)","decl":{"start":{"line":9,"column":16},"end":{"line":9,"column":17}},"loc":{"start":{"line":9,"column":21},"end":{"line":9,"column":57}},"line":9}},"branchMap":{},"s":{"0":1,"1":1,"2":1,"3":1,"4":1,"5":1,"6":1,"7":0,"8":1,"9":1,"10":1,"11":1,"12":1,"13":1,"14":1,"15":1,"16":1,"17":1},"f":{"0":0,"1":1},"b":{},"_coverageSchema":"1a1c01bbd47fc00a2c39e90264f33305004495a9","hash":"0bdeabd1c09f97d838e43af6dda0cbe34f072ba9"}
,"C:\\Users\\hila4\\OneDrive\\שולחן העבודה\\לימודי תואר ראשון - מדמ''ח\\תרגולים - מדמ''ח\\שנה ג\\סמסטר א\\Applications_advanced\\Task_1\\Tasks_Edvanced-WAP\\controllers\\comments_controllers.js": {"path":"C:\\Users\\hila4\\OneDrive\\שולחן העבודה\\לימודי תואר ראשון - מדמ''ח\\תרגולים - מדמ''ח\\שנה ג\\סמסטר א\\Applications_advanced\\Task_1\\Tasks_Edvanced-WAP\\controllers\\comments_controllers.js","statementMap":{"0":{"start":{"line":1,"column":21},"end":{"line":1,"column":56}},"1":{"start":{"line":2,"column":18},"end":{"line":2,"column":50}},"2":{"start":{"line":4,"column":23},"end":{"line":17,"column":1}},"3":{"start":{"line":5,"column":23},"end":{"line":5,"column":39}},"4":{"start":{"line":6,"column":4},"end":{"line":16,"column":5}},"5":{"start":{"line":7,"column":8},"end":{"line":13,"column":9}},"6":{"start":{"line":8,"column":29},"end":{"line":8,"column":76}},"7":{"start":{"line":9,"column":12},"end":{"line":9,"column":43}},"8":{"start":{"line":11,"column":29},"end":{"line":11,"column":54}},"9":{"start":{"line":12,"column":12},"end":{"line":12,"column":43}},"10":{"start":{"line":15,"column":8},"end":{"line":15,"column":44}},"11":{"start":{"line":19,"column":23},"end":{"line":27,"column":1}},"12":{"start":{"line":20,"column":21},"end":{"line":20,"column":34}},"13":{"start":{"line":21,"column":4},"end":{"line":26,"column":5}},"14":{"start":{"line":22,"column":24},"end":{"line":22,"column":62}},"15":{"start":{"line":23,"column":12},"end":{"line":23,"column":39}},"16":{"start":{"line":25,"column":8},"end":{"line":25,"column":36}},"17":{"start":{"line":29,"column":22},"end":{"line":41,"column":1}},"18":{"start":{"line":30,"column":24},"end":{"line":30,"column":32}},"19":{"start":{"line":31,"column":4},"end":{"line":40,"column":5}},"20":{"start":{"line":32,"column":27},"end":{"line":32,"column":71}},"21":{"start":{"line":33,"column":8},"end":{"line":35,"column":9}},"22":{"start":{"line":34,"column":12},"end":{"line":34,"column":77}},"23":{"start":{"line":36,"column":27},"end":{"line":36,"column":65}},"24":{"start":{"line":37,"column":8},"end":{"line":37,"column":41}},"25":{"start":{"line":39,"column":8},"end":{"line":39,"column":90}},"26":{"start":{"line":43,"column":22},"end":{"line":55,"column":1}},"27":{"start":{"line":44,"column":22},"end":{"line":44,"column":35}},"28":{"start":{"line":45,"column":24},"end":{"line":45,"column":32}},"29":{"start":{"line":46,"column":4},"end":{"line":54,"column":5}},"30":{"start":{"line":47,"column":31},"end":{"line":47,"column":127}},"31":{"start":{"line":48,"column":8},"end":{"line":50,"column":9}},"32":{"start":{"line":49,"column":12},"end":{"line":49,"column":74}},"33":{"start":{"line":51,"column":8},"end":{"line":51,"column":45}},"34":{"start":{"line":53,"column":8},"end":{"line":53,"column":75}},"35":{"start":{"line":57,"column":22},"end":{"line":68,"column":1}},"36":{"start":{"line":58,"column":22},"end":{"line":58,"column":35}},"37":{"start":{"line":59,"column":4},"end":{"line":67,"column":5}},"38":{"start":{"line":60,"column":31},"end":{"line":60,"column":78}},"39":{"start":{"line":61,"column":8},"end":{"line":63,"column":9}},"40":{"start":{"line":62,"column":12},"end":{"line":62,"column":74}},"41":{"start":{"line":64,"column":8},"end":{"line":64,"column":90}},"42":{"start":{"line":66,"column":8},"end":{"line":66,"column":75}},"43":{"start":{"line":70,"column":0},"end":{"line":70,"column":95}}},"fnMap":{"0":{"name":"(anonymous_0)","decl":{"start":{"line":4,"column":23},"end":{"line":4,"column":24}},"loc":{"start":{"line":4,"column":43},"end":{"line":17,"column":1}},"line":4},"1":{"name":"(anonymous_1)","decl":{"start":{"line":19,"column":23},"end":{"line":19,"column":24}},"loc":{"start":{"line":19,"column":40},"end":{"line":27,"column":1}},"line":19},"2":{"name":"(anonymous_2)","decl":{"start":{"line":29,"column":22},"end":{"line":29,"column":23}},"loc":{"start":{"line":29,"column":42},"end":{"line":41,"column":1}},"line":29},"3":{"name":"(anonymous_3)","decl":{"start":{"line":43,"column":22},"end":{"line":43,"column":23}},"loc":{"start":{"line":43,"column":42},"end":{"line":55,"column":1}},"line":43},"4":{"name":"(anonymous_4)","decl":{"start":{"line":57,"column":22},"end":{"line":57,"column":23}},"loc":{"start":{"line":57,"column":42},"end":{"line":68,"column":1}},"line":57}},"branchMap":{"0":{"loc":{"start":{"line":7,"column":8},"end":{"line":13,"column":9}},"type":"if","locations":[{"start":{"line":7,"column":8},"end":{"line":13,"column":9}},{"start":{"line":10,"column":15},"end":{"line":13,"column":9}}],"line":7},"1":{"loc":{"start":{"line":33,"column":8},"end":{"line":35,"column":9}},"type":"if","locations":[{"start":{"line":33,"column":8},"end":{"line":35,"column":9}},{"start":{},"end":{}}],"line":33},"2":{"loc":{"start":{"line":48,"column":8},"end":{"line":50,"column":9}},"type":"if","locations":[{"start":{"line":48,"column":8},"end":{"line":50,"column":9}},{"start":{},"end":{}}],"line":48},"3":{"loc":{"start":{"line":61,"column":8},"end":{"line":63,"column":9}},"type":"if","locations":[{"start":{"line":61,"column":8},"end":{"line":63,"column":9}},{"start":{},"end":{}}],"line":61}},"s":{"0":1,"1":1,"2":1,"3":0,"4":0,"5":0,"6":0,"7":0,"8":0,"9":0,"10":0,"11":1,"12":0,"13":0,"14":0,"15":0,"16":0,"17":1,"18":0,"19":0,"20":0,"21":0,"22":0,"23":0,"24":0,"25":0,"26":1,"27":0,"28":0,"29":0,"30":0,"31":0,"32":0,"33":0,"34":0,"35":1,"36":0,"37":0,"38":0,"39":0,"40":0,"41":0,"42":0,"43":1},"f":{"0":0,"1":0,"2":0,"3":0,"4":0},"b":{"0":[0,0],"1":[0,0],"2":[0,0],"3":[0,0]},"_coverageSchema":"1a1c01bbd47fc00a2c39e90264f33305004495a9","hash":"7e00f09e53a746f412bf19b38fc70ed85ad17efd"}
,"C:\\Users\\hila4\\OneDrive\\שולחן העבודה\\לימודי תואר ראשון - מדמ''ח\\תרגולים - מדמ''ח\\שנה ג\\סמסטר א\\Applications_advanced\\Task_1\\Tasks_Edvanced-WAP\\controllers\\posts_controllers.js": {"path":"C:\\Users\\hila4\\OneDrive\\שולחן העבודה\\לימודי תואר ראשון - מדמ''ח\\תרגולים - מדמ''ח\\שנה ג\\סמסטר א\\Applications_advanced\\Task_1\\Tasks_Edvanced-WAP\\controllers\\posts_controllers.js","statementMap":{"0":{"start":{"line":1,"column":18},"end":{"line":1,"column":50}},"1":{"start":{"line":3,"column":20},"end":{"line":16,"column":1}},"2":{"start":{"line":4,"column":25},"end":{"line":4,"column":41}},"3":{"start":{"line":5,"column":4},"end":{"line":15,"column":5}},"4":{"start":{"line":6,"column":8},"end":{"line":12,"column":9}},"5":{"start":{"line":7,"column":26},"end":{"line":7,"column":70}},"6":{"start":{"line":8,"column":12},"end":{"line":8,"column":40}},"7":{"start":{"line":10,"column":25},"end":{"line":10,"column":47}},"8":{"start":{"line":11,"column":12},"end":{"line":11,"column":40}},"9":{"start":{"line":14,"column":8},"end":{"line":14,"column":44}},"10":{"start":{"line":18,"column":20},"end":{"line":30,"column":1}},"11":{"start":{"line":19,"column":18},"end":{"line":19,"column":31}},"12":{"start":{"line":20,"column":4},"end":{"line":29,"column":5}},"13":{"start":{"line":21,"column":21},"end":{"line":21,"column":53}},"14":{"start":{"line":22,"column":8},"end":{"line":26,"column":9}},"15":{"start":{"line":23,"column":12},"end":{"line":23,"column":58}},"16":{"start":{"line":25,"column":12},"end":{"line":25,"column":39}},"17":{"start":{"line":28,"column":8},"end":{"line":28,"column":36}},"18":{"start":{"line":31,"column":19},"end":{"line":39,"column":1}},"19":{"start":{"line":32,"column":17},"end":{"line":32,"column":25}},"20":{"start":{"line":33,"column":4},"end":{"line":38,"column":5}},"21":{"start":{"line":34,"column":24},"end":{"line":34,"column":52}},"22":{"start":{"line":35,"column":8},"end":{"line":35,"column":38}},"23":{"start":{"line":37,"column":8},"end":{"line":37,"column":36}},"24":{"start":{"line":40,"column":19},"end":{"line":53,"column":1}},"25":{"start":{"line":41,"column":19},"end":{"line":41,"column":32}},"26":{"start":{"line":42,"column":24},"end":{"line":42,"column":32}},"27":{"start":{"line":43,"column":4},"end":{"line":52,"column":5}},"28":{"start":{"line":44,"column":28},"end":{"line":44,"column":118}},"29":{"start":{"line":45,"column":8},"end":{"line":47,"column":9}},"30":{"start":{"line":46,"column":12},"end":{"line":46,"column":71}},"31":{"start":{"line":49,"column":8},"end":{"line":49,"column":42}},"32":{"start":{"line":51,"column":8},"end":{"line":51,"column":72}},"33":{"start":{"line":55,"column":19},"end":{"line":63,"column":1}},"34":{"start":{"line":56,"column":19},"end":{"line":56,"column":32}},"35":{"start":{"line":57,"column":4},"end":{"line":62,"column":5}},"36":{"start":{"line":58,"column":8},"end":{"line":58,"column":50}},"37":{"start":{"line":59,"column":8},"end":{"line":59,"column":34}},"38":{"start":{"line":61,"column":8},"end":{"line":61,"column":36}},"39":{"start":{"line":65,"column":0},"end":{"line":65,"column":76}}},"fnMap":{"0":{"name":"(anonymous_0)","decl":{"start":{"line":3,"column":20},"end":{"line":3,"column":21}},"loc":{"start":{"line":3,"column":39},"end":{"line":16,"column":1}},"line":3},"1":{"name":"(anonymous_1)","decl":{"start":{"line":18,"column":20},"end":{"line":18,"column":21}},"loc":{"start":{"line":18,"column":37},"end":{"line":30,"column":1}},"line":18},"2":{"name":"(anonymous_2)","decl":{"start":{"line":31,"column":19},"end":{"line":31,"column":20}},"loc":{"start":{"line":31,"column":37},"end":{"line":39,"column":1}},"line":31},"3":{"name":"(anonymous_3)","decl":{"start":{"line":40,"column":19},"end":{"line":40,"column":20}},"loc":{"start":{"line":40,"column":39},"end":{"line":53,"column":1}},"line":40},"4":{"name":"(anonymous_4)","decl":{"start":{"line":55,"column":19},"end":{"line":55,"column":20}},"loc":{"start":{"line":55,"column":39},"end":{"line":63,"column":1}},"line":55}},"branchMap":{"0":{"loc":{"start":{"line":6,"column":8},"end":{"line":12,"column":9}},"type":"if","locations":[{"start":{"line":6,"column":8},"end":{"line":12,"column":9}},{"start":{"line":9,"column":14},"end":{"line":12,"column":9}}],"line":6},"1":{"loc":{"start":{"line":22,"column":8},"end":{"line":26,"column":9}},"type":"if","locations":[{"start":{"line":22,"column":8},"end":{"line":26,"column":9}},{"start":{"line":24,"column":15},"end":{"line":26,"column":9}}],"line":22},"2":{"loc":{"start":{"line":45,"column":8},"end":{"line":47,"column":9}},"type":"if","locations":[{"start":{"line":45,"column":8},"end":{"line":47,"column":9}},{"start":{},"end":{}}],"line":45}},"s":{"0":1,"1":1,"2":3,"3":3,"4":3,"5":1,"6":1,"7":2,"8":2,"9":0,"10":1,"11":2,"12":2,"13":2,"14":2,"15":1,"16":1,"17":0,"18":1,"19":3,"20":3,"21":3,"22":2,"23":1,"24":1,"25":0,"26":0,"27":0,"28":0,"29":0,"30":0,"31":0,"32":0,"33":1,"34":1,"35":1,"36":1,"37":1,"38":0,"39":1},"f":{"0":3,"1":2,"2":3,"3":0,"4":1},"b":{"0":[1,2],"1":[1,1],"2":[0,0]},"_coverageSchema":"1a1c01bbd47fc00a2c39e90264f33305004495a9","hash":"05c48c394b6cb8dcad6b1dc3d54ab535e3036b8d"}
,"C:\\Users\\hila4\\OneDrive\\שולחן העבודה\\לימודי תואר ראשון - מדמ''ח\\תרגולים - מדמ''ח\\שנה ג\\סמסטר א\\Applications_advanced\\Task_1\\Tasks_Edvanced-WAP\\models\\comments_model.js": {"path":"C:\\Users\\hila4\\OneDrive\\שולחן העבודה\\לימודי תואר ראשון - מדמ''ח\\תרגולים - מדמ''ח\\שנה ג\\סמסטר א\\Applications_advanced\\Task_1\\Tasks_Edvanced-WAP\\models\\comments_model.js","statementMap":{"0":{"start":{"line":1,"column":17},"end":{"line":1,"column":36}},"1":{"start":{"line":2,"column":15},"end":{"line":2,"column":30}},"2":{"start":{"line":4,"column":22},"end":{"line":17,"column":2}},"3":{"start":{"line":19,"column":21},"end":{"line":19,"column":61}},"4":{"start":{"line":21,"column":0},"end":{"line":21,"column":30}}},"fnMap":{},"branchMap":{},"s":{"0":1,"1":1,"2":1,"3":1,"4":1},"f":{},"b":{},"_coverageSchema":"1a1c01bbd47fc00a2c39e90264f33305004495a9","hash":"a010e8e5aecd44a1e856a84ef6839dfbd52ce363"}
,"C:\\Users\\hila4\\OneDrive\\שולחן העבודה\\לימודי תואר ראשון - מדמ''ח\\תרגולים - מדמ''ח\\שנה ג\\סמסטר א\\Applications_advanced\\Task_1\\Tasks_Edvanced-WAP\\models\\posts_model.js": {"path":"C:\\Users\\hila4\\OneDrive\\שולחן העבודה\\לימודי תואר ראשון - מדמ''ח\\תרגולים - מדמ''ח\\שנה ג\\סמסטר א\\Applications_advanced\\Task_1\\Tasks_Edvanced-WAP\\models\\posts_model.js","statementMap":{"0":{"start":{"line":1,"column":17},"end":{"line":1,"column":36}},"1":{"start":{"line":2,"column":15},"end":{"line":2,"column":30}},"2":{"start":{"line":4,"column":19},"end":{"line":14,"column":2}},"3":{"start":{"line":16,"column":18},"end":{"line":16,"column":52}},"4":{"start":{"line":18,"column":0},"end":{"line":18,"column":27}}},"fnMap":{},"branchMap":{},"s":{"0":1,"1":1,"2":1,"3":1,"4":1},"f":{},"b":{},"_coverageSchema":"1a1c01bbd47fc00a2c39e90264f33305004495a9","hash":"4c1c149cd3220298e1d8ad3e74163e6aaf5b1c98"}
,"C:\\Users\\hila4\\OneDrive\\שולחן העבודה\\לימודי תואר ראשון - מדמ''ח\\תרגולים - מדמ''ח\\שנה ג\\סמסטר א\\Applications_advanced\\Task_1\\Tasks_Edvanced-WAP\\routes\\comments_routes.js": {"path":"C:\\Users\\hila4\\OneDrive\\שולחן העבודה\\לימודי תואר ראשון - מדמ''ח\\תרגולים - מדמ''ח\\שנה ג\\סמסטר א\\Applications_advanced\\Task_1\\Tasks_Edvanced-WAP\\routes\\comments_routes.js","statementMap":{"0":{"start":{"line":1,"column":16},"end":{"line":1,"column":34}},"1":{"start":{"line":2,"column":15},"end":{"line":2,"column":31}},"2":{"start":{"line":3,"column":16},"end":{"line":3,"column":62}},"3":{"start":{"line":5,"column":0},"end":{"line":5,"column":40}},"4":{"start":{"line":6,"column":0},"end":{"line":6,"column":43}},"5":{"start":{"line":7,"column":0},"end":{"line":7,"column":40}},"6":{"start":{"line":8,"column":0},"end":{"line":8,"column":42}},"7":{"start":{"line":9,"column":0},"end":{"line":9,"column":45}},"8":{"start":{"line":11,"column":0},"end":{"line":11,"column":24}}},"fnMap":{},"branchMap":{},"s":{"0":1,"1":1,"2":1,"3":1,"4":1,"5":1,"6":1,"7":1,"8":1},"f":{},"b":{},"_coverageSchema":"1a1c01bbd47fc00a2c39e90264f33305004495a9","hash":"ee4fe102b51d5881132a0199a770e50b2616e7ef"}
,"C:\\Users\\hila4\\OneDrive\\שולחן העבודה\\לימודי תואר ראשון - מדמ''ח\\תרגולים - מדמ''ח\\שנה ג\\סמסטר א\\Applications_advanced\\Task_1\\Tasks_Edvanced-WAP\\routes\\posts_routes.js": {"path":"C:\\Users\\hila4\\OneDrive\\שולחן העבודה\\לימודי תואר ראשון - מדמ''ח\\תרגולים - מדמ''ח\\שנה ג\\סמסטר א\\Applications_advanced\\Task_1\\Tasks_Edvanced-WAP\\routes\\posts_routes.js","statementMap":{"0":{"start":{"line":1,"column":16},"end":{"line":1,"column":34}},"1":{"start":{"line":2,"column":15},"end":{"line":2,"column":31}},"2":{"start":{"line":3,"column":13},"end":{"line":3,"column":56}},"3":{"start":{"line":5,"column":0},"end":{"line":5,"column":34}},"4":{"start":{"line":6,"column":0},"end":{"line":6,"column":37}},"5":{"start":{"line":7,"column":0},"end":{"line":7,"column":33}},"6":{"start":{"line":8,"column":0},"end":{"line":8,"column":35}},"7":{"start":{"line":9,"column":0},"end":{"line":9,"column":38}},"8":{"start":{"line":11,"column":0},"end":{"line":11,"column":24}}},"fnMap":{},"branchMap":{},"s":{"0":1,"1":1,"2":1,"3":1,"4":1,"5":1,"6":1,"7":1,"8":1},"f":{},"b":{},"_coverageSchema":"1a1c01bbd47fc00a2c39e90264f33305004495a9","hash":"d8dfe0e10be0617fc7be09749e8ebe31e1a457e2"}
}
